{'station_id': 'StationA', 'date': '2000-01-25', 'degrees': 17.253793607749706, 'partition': 3}
{'station_id': 'StationB', 'date': '2000-01-25', 'degrees': 40.74327228566993, 'partition': 0}
{'station_id': 'StationC', 'date': '2000-01-25', 'degrees': -11.756740976695077, 'partition': 2}
{'station_id': 'StationD', 'date': '2000-01-25', 'degrees': 43.11338609508731, 'partition': 0}
{'station_id': 'StationE', 'date': '2000-01-25', 'degrees': 40.702449078848765, 'partition': 2}
{'station_id': 'StationF', 'date': '2000-01-25', 'degrees': 28.5496838143483, 'partition': 0}
{'station_id': 'StationG', 'date': '2000-01-25', 'degrees': 44.45980359971387, 'partition': 3}
{'station_id': 'StationH', 'date': '2000-01-25', 'degrees': 47.30991994777704, 'partition': 3}
{'station_id': 'StationI', 'date': '2000-01-25', 'degrees': 5.0, 'partition': 3}
{'station_id': 'StationJ', 'date': '2000-01-25', 'degrees': 4.0, 'partition': 1}
{'station_id': 'StationA', 'date': '2000-01-26', 'degrees': 2.3528103942592296, 'partition': 3}
{'station_id': 'StationC', 'date': '2000-01-26', 'degrees': 38.047854872203665, 'partition': 2}
{'station_id': 'StationB', 'date': '2000-01-26', 'degrees': 6.103687004899854, 'partition': 0}
{'station_id': 'StationD', 'date': '2000-01-26', 'degrees': 25.90504111950828, 'partition': 0}
{'station_id': 'StationE', 'date': '2000-01-26', 'degrees': 30.065639605642183, 'partition': 2}
{'station_id': 'StationF', 'date': '2000-01-26', 'degrees': 30.320130930320595, 'partition': 0}
{'station_id': 'StationG', 'date': '2000-01-26', 'degrees': 8.843631875418712, 'partition': 3}
{'station_id': 'StationH', 'date': '2000-01-26', 'degrees': 19.626077623773483, 'partition': 3}
{'station_id': 'StationI', 'date': '2000-01-26', 'degrees': 5.0, 'partition': 3}
{'station_id': 'StationJ', 'date': '2000-01-26', 'degrees': 5.0, 'partition': 1}
{'station_id': 'StationA', 'date': '2000-01-27', 'degrees': 47.968539025422245, 'partition': 3}
{'station_id': 'StationB', 'date': '2000-01-27', 'degrees': 4.1053198136450355, 'partition': 0}
{'station_id': 'StationC', 'date': '2000-01-27', 'degrees': 15.229383219662964, 'partition': 2}
{'station_id': 'StationD', 'date': '2000-01-27', 'degrees': 28.6764184446627, 'partition': 0}
{'station_id': 'StationE', 'date': '2000-01-27', 'degrees': 37.36352038541525, 'partition': 2}
{'station_id': 'StationF', 'date': '2000-01-27', 'degrees': 49.92723834747596, 'partition': 0}
{'station_id': 'StationG', 'date': '2000-01-27', 'degrees': 29.470102645322054, 'partition': 3}
{'station_id': 'StationH', 'date': '2000-01-27', 'degrees': 22.959632368039372, 'partition': 3}
{'station_id': 'StationI', 'date': '2000-01-27', 'degrees': 5.0, 'partition': 3}
{'station_id': 'StationJ', 'date': '2000-01-27', 'degrees': 6.0, 'partition': 1}
{'station_id': 'StationA', 'date': '2000-01-28', 'degrees': 21.57202013746272, 'partition': 3}
{'station_id': 'StationC', 'date': '2000-01-28', 'degrees': 31.55112254411293, 'partition': 2}
{'station_id': 'StationB', 'date': '2000-01-28', 'degrees': 51.05283798539065, 'partition': 0}
{'station_id': 'StationD', 'date': '2000-01-28', 'degrees': 55.490382297490584, 'partition': 0}
{'station_id': 'StationE', 'date': '2000-01-28', 'degrees': -0.42679298597180093, 'partition': 2}
{'station_id': 'StationF', 'date': '2000-01-28', 'degrees': 48.134536523208894, 'partition': 0}
{'station_id': 'StationG', 'date': '2000-01-28', 'degrees': 18.267771907447106, 'partition': 3}
{'station_id': 'StationH', 'date': '2000-01-28', 'degrees': 28.123843420457103, 'partition': 3}
{'station_id': 'StationI', 'date': '2000-01-28', 'degrees': 5.0, 'partition': 3}
{'station_id': 'StationJ', 'date': '2000-01-28', 'degrees': 7.0, 'partition': 1}
{'station_id': 'StationA', 'date': '2000-01-29', 'degrees': 19.836650923832032, 'partition': 3}
{'station_id': 'StationB', 'date': '2000-01-29', 'degrees': 33.24935495015795, 'partition': 0}
{'station_id': 'StationC', 'date': '2000-01-29', 'degrees': 14.523633670424026, 'partition': 2}
{'station_id': 'StationD', 'date': '2000-01-29', 'degrees': 28.689407889631536, 'partition': 0}
{'station_id': 'StationE', 'date': '2000-01-29', 'degrees': 26.316491743801368, 'partition': 2}
{'station_id': 'StationF', 'date': '2000-01-29', 'degrees': 41.0687097035725, 'partition': 0}
{'station_id': 'StationG', 'date': '2000-01-29', 'degrees': 10.05438855125141, 'partition': 3}
{'station_id': 'StationH', 'date': '2000-01-29', 'degrees': 0.7077488058086772, 'partition': 3}
{'station_id': 'StationI', 'date': '2000-01-29', 'degrees': 5.0, 'partition': 3}
{'station_id': 'StationJ', 'date': '2000-01-29', 'degrees': 8.0, 'partition': 1}
{'station_id': 'StationA', 'date': '2000-01-30', 'degrees': 21.14617782751519, 'partition': 3}
{'station_id': 'StationC', 'date': '2000-01-30', 'degrees': 29.105741039400183, 'partition': 2}
{'station_id': 'StationB', 'date': '2000-01-30', 'degrees': 4.078735554017495, 'partition': 0}
{'station_id': 'StationD', 'date': '2000-01-30', 'degrees': 35.32299874476952, 'partition': 0}
{'station_id': 'StationE', 'date': '2000-01-30', 'degrees': 23.86038624205008, 'partition': 2}
{'station_id': 'StationF', 'date': '2000-01-30', 'degrees': 21.985387324766812, 'partition': 0}
{'station_id': 'StationG', 'date': '2000-01-30', 'degrees': 27.423124592075375, 'partition': 3}
{'station_id': 'StationH', 'date': '2000-01-30', 'degrees': 44.60453806756486, 'partition': 3}
{'station_id': 'StationI', 'date': '2000-01-30', 'degrees': 5.0, 'partition': 3}
{'station_id': 'StationJ', 'date': '2000-01-30', 'degrees': 9.0, 'partition': 1}
{'station_id': 'StationA', 'date': '2000-01-31', 'degrees': 15.393910395331492, 'partition': 3}
{'station_id': 'StationB', 'date': '2000-01-31', 'degrees': 36.35206075142523, 'partition': 0}
{'station_id': 'StationC', 'date': '2000-01-31', 'degrees': 6.489852184583835, 'partition': 2}
{'station_id': 'StationD', 'date': '2000-01-31', 'degrees': 56.375302293412005, 'partition': 0}
{'station_id': 'StationE', 'date': '2000-01-31', 'degrees': 30.4829373382997, 'partition': 2}
{'station_id': 'StationF', 'date': '2000-01-31', 'degrees': 52.22386721535692, 'partition': 0}
{'station_id': 'StationG', 'date': '2000-01-31', 'degrees': 21.058284139926485, 'partition': 3}
{'station_id': 'StationH', 'date': '2000-01-31', 'degrees': 8.900320073176218, 'partition': 3}
{'station_id': 'StationI', 'date': '2000-01-31', 'degrees': 5.0, 'partition': 3}
{'station_id': 'StationJ', 'date': '2000-01-31', 'degrees': 0.0, 'partition': 1}
{'station_id': 'StationA', 'date': '2000-02-01', 'degrees': 31.310695661261896, 'partition': 3}
{'station_id': 'StationB', 'date': '2000-02-01', 'degrees': 39.46915272103967, 'partition': 0}
{'station_id': 'StationC', 'date': '2000-02-01', 'degrees': 61.59246295843059, 'partition': 2}
{'station_id': 'StationD', 'date': '2000-02-01', 'degrees': 39.841524555841175, 'partition': 0}
{'station_id': 'StationE', 'date': '2000-02-01', 'degrees': 4.868047541745664, 'partition': 2}
{'station_id': 'StationF', 'date': '2000-02-01', 'degrees': -2.861834729693477, 'partition': 0}
{'station_id': 'StationG', 'date': '2000-02-01', 'degrees': 26.21764232613888, 'partition': 3}
{'station_id': 'StationH', 'date': '2000-02-01', 'degrees': 37.822495460837445, 'partition': 3}
{'station_id': 'StationI', 'date': '2000-02-01', 'degrees': 5.0, 'partition': 3}
{'station_id': 'StationJ', 'date': '2000-02-01', 'degrees': 1.0, 'partition': 1}
{'station_id': 'StationA', 'date': '2000-02-02', 'degrees': 65.83474291408116, 'partition': 3}
{'station_id': 'StationB', 'date': '2000-02-02', 'degrees': 29.45143717772301, 'partition': 0}
{'station_id': 'StationC', 'date': '2000-02-02', 'degrees': 9.803927009933055, 'partition': 2}
{'station_id': 'StationD', 'date': '2000-02-02', 'degrees': 30.137516929668227, 'partition': 0}
{'station_id': 'StationE', 'date': '2000-02-02', 'degrees': 33.95418049385206, 'partition': 2}
{'station_id': 'StationF', 'date': '2000-02-02', 'degrees': 1.1460087602797806, 'partition': 0}
{'station_id': 'StationG', 'date': '2000-02-02', 'degrees': 18.97929833454736, 'partition': 3}
{'station_id': 'StationH', 'date': '2000-02-02', 'degrees': 48.663285136033906, 'partition': 3}
{'station_id': 'StationI', 'date': '2000-02-02', 'degrees': 5.0, 'partition': 3}
{'station_id': 'StationJ', 'date': '2000-02-02', 'degrees': 2.0, 'partition': 1}
{'station_id': 'StationA', 'date': '2000-02-03', 'degrees': 37.4157208708887, 'partition': 3}
{'station_id': 'StationB', 'date': '2000-02-03', 'degrees': 3.536295014996071, 'partition': 0}
{'station_id': 'StationC', 'date': '2000-02-03', 'degrees': 24.185376072427793, 'partition': 2}
{'station_id': 'StationD', 'date': '2000-02-03', 'degrees': 58.28515302359561, 'partition': 0}
{'station_id': 'StationE', 'date': '2000-02-03', 'degrees': 9.694449303906094, 'partition': 2}
{'station_id': 'StationF', 'date': '2000-02-03', 'degrees': 7.362890669239182, 'partition': 0}
{'station_id': 'StationG', 'date': '2000-02-03', 'degrees': 34.99003898052753, 'partition': 3}
{'station_id': 'StationH', 'date': '2000-02-03', 'degrees': 31.98781325893811, 'partition': 3}
{'station_id': 'StationI', 'date': '2000-02-03', 'degrees': 5.0, 'partition': 3}
{'station_id': 'StationJ', 'date': '2000-02-03', 'degrees': 3.0, 'partition': 1}
{'station_id': 'StationA', 'date': '2000-02-04', 'degrees': 14.118062090550849, 'partition': 3}
{'station_id': 'StationB', 'date': '2000-02-04', 'degrees': 34.99625105685663, 'partition': 0}
{'station_id': 'StationC', 'date': '2000-02-04', 'degrees': 3.2743461608921116, 'partition': 2}
{'station_id': 'StationD', 'date': '2000-02-04', 'degrees': 19.14665060021951, 'partition': 0}
{'station_id': 'StationE', 'date': '2000-02-04', 'degrees': 58.26791888873566, 'partition': 2}
{'station_id': 'StationF', 'date': '2000-02-04', 'degrees': 22.859884880632748, 'partition': 0}
{'station_id': 'StationG', 'date': '2000-02-04', 'degrees': 50.32860951686996, 'partition': 3}
{'station_id': 'StationH', 'date': '2000-02-04', 'degrees': 16.63822990432044, 'partition': 3}
{'station_id': 'StationI', 'date': '2000-02-04', 'degrees': 5.0, 'partition': 3}
{'station_id': 'StationJ', 'date': '2000-02-04', 'degrees': 4.0, 'partition': 1}
{'station_id': 'StationA', 'date': '2000-02-05', 'degrees': -6.683376773833658, 'partition': 3}
{'station_id': 'StationB', 'date': '2000-02-05', 'degrees': 51.109482127362185, 'partition': 0}
{'station_id': 'StationC', 'date': '2000-02-05', 'degrees': 31.43006593189211, 'partition': 2}
{'station_id': 'StationD', 'date': '2000-02-05', 'degrees': 64.93142265428857, 'partition': 0}
{'station_id': 'StationE', 'date': '2000-02-05', 'degrees': 40.99072801748949, 'partition': 2}
{'station_id': 'StationF', 'date': '2000-02-05', 'degrees': 19.44203490097494, 'partition': 0}
{'station_id': 'StationG', 'date': '2000-02-05', 'degrees': 31.51613334204833, 'partition': 3}
{'station_id': 'StationH', 'date': '2000-02-05', 'degrees': 24.305404402196064, 'partition': 3}
{'station_id': 'StationI', 'date': '2000-02-05', 'degrees': 5.0, 'partition': 3}
{'station_id': 'StationJ', 'date': '2000-02-05', 'degrees': 5.0, 'partition': 1}
{'station_id': 'StationA', 'date': '2000-02-06', 'degrees': 25.985499932167514, 'partition': 3}
{'station_id': 'StationB', 'date': '2000-02-06', 'degrees': 51.78276909212828, 'partition': 0}
{'station_id': 'StationC', 'date': '2000-02-06', 'degrees': 42.02801105592127, 'partition': 2}
{'station_id': 'StationD', 'date': '2000-02-06', 'degrees': 58.37707713984391, 'partition': 0}
{'station_id': 'StationE', 'date': '2000-02-06', 'degrees': 33.17288835414076, 'partition': 2}
{'station_id': 'StationF', 'date': '2000-02-06', 'degrees': 22.760499445640995, 'partition': 0}
{'station_id': 'StationG', 'date': '2000-02-06', 'degrees': 5.318298875661682, 'partition': 3}
{'station_id': 'StationH', 'date': '2000-02-06', 'degrees': 9.546390571979074, 'partition': 3}
{'station_id': 'StationI', 'date': '2000-02-06', 'degrees': 5.0, 'partition': 3}
{'station_id': 'StationJ', 'date': '2000-02-06', 'degrees': 6.0, 'partition': 1}
{'station_id': 'StationA', 'date': '2000-02-07', 'degrees': 43.76339711034596, 'partition': 3}
{'station_id': 'StationB', 'date': '2000-02-07', 'degrees': 34.90563043367333, 'partition': 0}
{'station_id': 'StationC', 'date': '2000-02-07', 'degrees': 19.377918971817977, 'partition': 2}
{'station_id': 'StationD', 'date': '2000-02-07', 'degrees': 46.06448189159873, 'partition': 0}
{'station_id': 'StationE', 'date': '2000-02-07', 'degrees': 2.9667974000418447, 'partition': 2}
{'station_id': 'StationF', 'date': '2000-02-07', 'degrees': 6.097135729726247, 'partition': 0}
{'station_id': 'StationG', 'date': '2000-02-07', 'degrees': 38.766916242336, 'partition': 3}
{'station_id': 'StationH', 'date': '2000-02-07', 'degrees': 23.20549754966781, 'partition': 3}
{'station_id': 'StationI', 'date': '2000-02-07', 'degrees': 5.0, 'partition': 3}
{'station_id': 'StationJ', 'date': '2000-02-07', 'degrees': 7.0, 'partition': 1}
{'station_id': 'StationA', 'date': '2000-02-08', 'degrees': 48.21279672391783, 'partition': 3}
{'station_id': 'StationB', 'date': '2000-02-08', 'degrees': 24.25125659867762, 'partition': 0}
{'station_id': 'StationC', 'date': '2000-02-08', 'degrees': 35.98249872551873, 'partition': 2}
{'station_id': 'StationD', 'date': '2000-02-08', 'degrees': 44.364620896215314, 'partition': 0}
{'station_id': 'StationE', 'date': '2000-02-08', 'degrees': 35.96727257762236, 'partition': 2}
{'station_id': 'StationF', 'date': '2000-02-08', 'degrees': 17.92159275297611, 'partition': 0}
{'station_id': 'StationG', 'date': '2000-02-08', 'degrees': 16.099527372562356, 'partition': 3}
{'station_id': 'StationH', 'date': '2000-02-08', 'degrees': 48.074808323094196, 'partition': 3}
{'station_id': 'StationI', 'date': '2000-02-08', 'degrees': 5.0, 'partition': 3}
{'station_id': 'StationJ', 'date': '2000-02-08', 'degrees': 8.0, 'partition': 1}
{'station_id': 'StationA', 'date': '2000-02-09', 'degrees': 50.18021450709716, 'partition': 3}
{'station_id': 'StationB', 'date': '2000-02-09', 'degrees': 12.316393241907129, 'partition': 0}
{'station_id': 'StationC', 'date': '2000-02-09', 'degrees': 14.991177391389023, 'partition': 2}
{'station_id': 'StationD', 'date': '2000-02-09', 'degrees': 21.693183234649972, 'partition': 0}
{'station_id': 'StationE', 'date': '2000-02-09', 'degrees': 34.151176427514194, 'partition': 2}
{'station_id': 'StationF', 'date': '2000-02-09', 'degrees': 53.26505199381633, 'partition': 0}
{'station_id': 'StationG', 'date': '2000-02-09', 'degrees': 48.30538767917388, 'partition': 3}
{'station_id': 'StationH', 'date': '2000-02-09', 'degrees': 30.085443604588434, 'partition': 3}
{'station_id': 'StationI', 'date': '2000-02-09', 'degrees': 5.0, 'partition': 3}
{'station_id': 'StationJ', 'date': '2000-02-09', 'degrees': 9.0, 'partition': 1}
{'station_id': 'StationA', 'date': '2000-02-10', 'degrees': 16.02221538906153, 'partition': 3}
{'station_id': 'StationB', 'date': '2000-02-10', 'degrees': 21.484647407910327, 'partition': 0}
{'station_id': 'StationC', 'date': '2000-02-10', 'degrees': 14.666085339349458, 'partition': 2}
{'station_id': 'StationD', 'date': '2000-02-10', 'degrees': 50.34381330514907, 'partition': 0}
{'station_id': 'StationE', 'date': '2000-02-10', 'degrees': 1.3655163151743075, 'partition': 2}
{'station_id': 'StationF', 'date': '2000-02-10', 'degrees': 11.451052977152145, 'partition': 0}
{'station_id': 'StationG', 'date': '2000-02-10', 'degrees': 41.08064074622379, 'partition': 3}
{'station_id': 'StationH', 'date': '2000-02-10', 'degrees': 53.78672723629159, 'partition': 3}
{'station_id': 'StationI', 'date': '2000-02-10', 'degrees': 5.0, 'partition': 3}
{'station_id': 'StationJ', 'date': '2000-02-10', 'degrees': 0.0, 'partition': 1}
{'station_id': 'StationA', 'date': '2000-02-11', 'degrees': 29.587412689263086, 'partition': 3}
{'station_id': 'StationB', 'date': '2000-02-11', 'degrees': 33.74168639283119, 'partition': 0}
{'station_id': 'StationC', 'date': '2000-02-11', 'degrees': 15.046907358795652, 'partition': 2}
{'station_id': 'StationD', 'date': '2000-02-11', 'degrees': 25.01805925438875, 'partition': 0}
{'station_id': 'StationE', 'date': '2000-02-11', 'degrees': 39.063321704711655, 'partition': 2}
{'station_id': 'StationF', 'date': '2000-02-11', 'degrees': 1.7778877500052133, 'partition': 0}
{'station_id': 'StationG', 'date': '2000-02-11', 'degrees': 0.36514282372296236, 'partition': 3}
{'station_id': 'StationH', 'date': '2000-02-11', 'degrees': 48.529153815162815, 'partition': 3}
{'station_id': 'StationI', 'date': '2000-02-11', 'degrees': 5.0, 'partition': 3}
{'station_id': 'StationJ', 'date': '2000-02-11', 'degrees': 1.0, 'partition': 1}
{'station_id': 'StationA', 'date': '2000-02-12', 'degrees': 22.90428102843313, 'partition': 3}
{'station_id': 'StationC', 'date': '2000-02-12', 'degrees': 9.005536070039355, 'partition': 2}
{'station_id': 'StationB', 'date': '2000-02-12', 'degrees': 48.84095074834532, 'partition': 0}
{'station_id': 'StationD', 'date': '2000-02-12', 'degrees': 18.41161177422119, 'partition': 0}
{'station_id': 'StationE', 'date': '2000-02-12', 'degrees': 14.977395435746569, 'partition': 2}
{'station_id': 'StationF', 'date': '2000-02-12', 'degrees': 6.470893491283242, 'partition': 0}
{'station_id': 'StationG', 'date': '2000-02-12', 'degrees': 35.97823847782878, 'partition': 3}
{'station_id': 'StationH', 'date': '2000-02-12', 'degrees': 37.104356066064774, 'partition': 3}
{'station_id': 'StationI', 'date': '2000-02-12', 'degrees': 5.0, 'partition': 3}
{'station_id': 'StationJ', 'date': '2000-02-12', 'degrees': 2.0, 'partition': 1}
{'station_id': 'StationA', 'date': '2000-02-13', 'degrees': 23.958014365219732, 'partition': 3}
{'station_id': 'StationB', 'date': '2000-02-13', 'degrees': 24.877073065588096, 'partition': 0}
{'station_id': 'StationC', 'date': '2000-02-13', 'degrees': 41.07652391908333, 'partition': 2}
{'station_id': 'StationD', 'date': '2000-02-13', 'degrees': 23.23750785477601, 'partition': 0}
{'station_id': 'StationE', 'date': '2000-02-13', 'degrees': 35.788674786273596, 'partition': 2}
{'station_id': 'StationF', 'date': '2000-02-13', 'degrees': 4.280064516171265, 'partition': 0}
{'station_id': 'StationG', 'date': '2000-02-13', 'degrees': 17.682993705226238, 'partition': 3}
{'station_id': 'StationH', 'date': '2000-02-13', 'degrees': 45.622371415235875, 'partition': 3}
{'station_id': 'StationI', 'date': '2000-02-13', 'degrees': 5.0, 'partition': 3}
{'station_id': 'StationJ', 'date': '2000-02-13', 'degrees': 3.0, 'partition': 1}
{'station_id': 'StationA', 'date': '2000-02-14', 'degrees': 22.931983366228305, 'partition': 3}
{'station_id': 'StationB', 'date': '2000-02-14', 'degrees': 31.196584174995007, 'partition': 0}
{'station_id': 'StationC', 'date': '2000-02-14', 'degrees': 41.355682520485146, 'partition': 2}
{'station_id': 'StationD', 'date': '2000-02-14', 'degrees': 46.606238068464705, 'partition': 0}
{'station_id': 'StationE', 'date': '2000-02-14', 'degrees': 34.876987236320794, 'partition': 2}
{'station_id': 'StationF', 'date': '2000-02-14', 'degrees': 0.34720981869573464, 'partition': 0}
{'station_id': 'StationG', 'date': '2000-02-14', 'degrees': 26.59175903683868, 'partition': 3}
{'station_id': 'StationH', 'date': '2000-02-14', 'degrees': 40.42126143323157, 'partition': 3}
{'station_id': 'StationI', 'date': '2000-02-14', 'degrees': 5.0, 'partition': 3}
{'station_id': 'StationJ', 'date': '2000-02-14', 'degrees': 4.0, 'partition': 1}
{'station_id': 'StationA', 'date': '2000-02-15', 'degrees': 48.724306534330296, 'partition': 3}
{'station_id': 'StationB', 'date': '2000-02-15', 'degrees': 31.96681698009144, 'partition': 0}
{'station_id': 'StationC', 'date': '2000-02-15', 'degrees': 36.145406252023136, 'partition': 2}
{'station_id': 'StationD', 'date': '2000-02-15', 'degrees': 8.757202030485502, 'partition': 0}
{'station_id': 'StationE', 'date': '2000-02-15', 'degrees': 51.10264144009254, 'partition': 2}
{'station_id': 'StationF', 'date': '2000-02-15', 'degrees': 29.05369565939092, 'partition': 0}
{'station_id': 'StationG', 'date': '2000-02-15', 'degrees': 41.68582174475863, 'partition': 3}
{'station_id': 'StationH', 'date': '2000-02-15', 'degrees': 14.939330727469533, 'partition': 3}
{'station_id': 'StationI', 'date': '2000-02-15', 'degrees': 5.0, 'partition': 3}
{'station_id': 'StationJ', 'date': '2000-02-15', 'degrees': 5.0, 'partition': 1}
{'station_id': 'StationA', 'date': '2000-02-16', 'degrees': 22.975833473770713, 'partition': 3}
{'station_id': 'StationB', 'date': '2000-02-16', 'degrees': 37.78124626490914, 'partition': 0}
{'station_id': 'StationC', 'date': '2000-02-16', 'degrees': 22.72704803875471, 'partition': 2}
{'station_id': 'StationD', 'date': '2000-02-16', 'degrees': 29.529869625601222, 'partition': 0}
{'station_id': 'StationE', 'date': '2000-02-16', 'degrees': 38.81199819483095, 'partition': 2}
{'station_id': 'StationF', 'date': '2000-02-16', 'degrees': 37.400426135335195, 'partition': 0}
{'station_id': 'StationG', 'date': '2000-02-16', 'degrees': 28.289628073211105, 'partition': 3}
{'station_id': 'StationH', 'date': '2000-02-16', 'degrees': 24.245372505966728, 'partition': 3}
{'station_id': 'StationI', 'date': '2000-02-16', 'degrees': 5.0, 'partition': 3}
{'station_id': 'StationJ', 'date': '2000-02-16', 'degrees': 6.0, 'partition': 1}
{'station_id': 'StationA', 'date': '2000-02-17', 'degrees': 37.124215276225044, 'partition': 3}
{'station_id': 'StationB', 'date': '2000-02-17', 'degrees': 30.347865285254755, 'partition': 0}
{'station_id': 'StationC', 'date': '2000-02-17', 'degrees': 34.821240913028845, 'partition': 2}
{'station_id': 'StationD', 'date': '2000-02-17', 'degrees': 11.960514075594318, 'partition': 0}
{'station_id': 'StationE', 'date': '2000-02-17', 'degrees': 21.039198860303287, 'partition': 2}
{'station_id': 'StationF', 'date': '2000-02-17', 'degrees': 44.52185801940401, 'partition': 0}
{'station_id': 'StationG', 'date': '2000-02-17', 'degrees': 24.25394107386764, 'partition': 3}
{'station_id': 'StationH', 'date': '2000-02-17', 'degrees': 49.36166209537862, 'partition': 3}
{'station_id': 'StationI', 'date': '2000-02-17', 'degrees': 5.0, 'partition': 3}
{'station_id': 'StationJ', 'date': '2000-02-17', 'degrees': 7.0, 'partition': 1}
{'station_id': 'StationA', 'date': '2000-02-18', 'degrees': 26.220765947514344, 'partition': 3}
{'station_id': 'StationB', 'date': '2000-02-18', 'degrees': 28.790556492031076, 'partition': 0}
{'station_id': 'StationC', 'date': '2000-02-18', 'degrees': 27.235851312863154, 'partition': 2}
{'station_id': 'StationD', 'date': '2000-02-18', 'degrees': 27.3026277674803, 'partition': 0}
{'station_id': 'StationE', 'date': '2000-02-18', 'degrees': 7.659154406840624, 'partition': 2}
{'station_id': 'StationF', 'date': '2000-02-18', 'degrees': 56.37489174311166, 'partition': 0}
{'station_id': 'StationG', 'date': '2000-02-18', 'degrees': 9.427705604834138, 'partition': 3}
{'station_id': 'StationH', 'date': '2000-02-18', 'degrees': 26.050781555001237, 'partition': 3}
{'station_id': 'StationI', 'date': '2000-02-18', 'degrees': 5.0, 'partition': 3}
{'station_id': 'StationJ', 'date': '2000-02-18', 'degrees': 8.0, 'partition': 1}
{'station_id': 'StationA', 'date': '2000-02-19', 'degrees': 70.43706356627436, 'partition': 3}
{'station_id': 'StationB', 'date': '2000-02-19', 'degrees': 25.999941523440977, 'partition': 0}
{'station_id': 'StationC', 'date': '2000-02-19', 'degrees': 25.558414191786355, 'partition': 2}
{'station_id': 'StationD', 'date': '2000-02-19', 'degrees': 14.965312114013715, 'partition': 0}
{'station_id': 'StationE', 'date': '2000-02-19', 'degrees': 38.64205800181285, 'partition': 2}
{'station_id': 'StationF', 'date': '2000-02-19', 'degrees': 22.325405298283354, 'partition': 0}
{'station_id': 'StationG', 'date': '2000-02-19', 'degrees': 27.563750624370087, 'partition': 3}
{'station_id': 'StationH', 'date': '2000-02-19', 'degrees': 60.40816112665994, 'partition': 3}
{'station_id': 'StationI', 'date': '2000-02-19', 'degrees': 5.0, 'partition': 3}
{'station_id': 'StationJ', 'date': '2000-02-19', 'degrees': 9.0, 'partition': 1}
{'station_id': 'StationA', 'date': '2000-02-20', 'degrees': 11.810672303576784, 'partition': 3}
{'station_id': 'StationB', 'date': '2000-02-20', 'degrees': 38.93503748148036, 'partition': 0}
{'station_id': 'StationC', 'date': '2000-02-20', 'degrees': 19.72945226057591, 'partition': 2}
{'station_id': 'StationD', 'date': '2000-02-20', 'degrees': 42.12774872143432, 'partition': 0}
{'station_id': 'StationE', 'date': '2000-02-20', 'degrees': 26.99534806390829, 'partition': 2}
{'station_id': 'StationF', 'date': '2000-02-20', 'degrees': 41.21553440380207, 'partition': 0}
{'station_id': 'StationG', 'date': '2000-02-20', 'degrees': -8.70299423012132, 'partition': 3}
{'station_id': 'StationH', 'date': '2000-02-20', 'degrees': 30.579083870379733, 'partition': 3}
{'station_id': 'StationI', 'date': '2000-02-20', 'degrees': 5.0, 'partition': 3}
{'station_id': 'StationJ', 'date': '2000-02-20', 'degrees': 0.0, 'partition': 1}
{'station_id': 'StationA', 'date': '2000-02-21', 'degrees': 10.056690097977615, 'partition': 3}
{'station_id': 'StationB', 'date': '2000-02-21', 'degrees': 33.7620776377574, 'partition': 0}
{'station_id': 'StationC', 'date': '2000-02-21', 'degrees': 17.59770692110648, 'partition': 2}
{'station_id': 'StationD', 'date': '2000-02-21', 'degrees': 33.85130227801282, 'partition': 0}
{'station_id': 'StationE', 'date': '2000-02-21', 'degrees': 35.40689577596081, 'partition': 2}
{'station_id': 'StationF', 'date': '2000-02-21', 'degrees': 24.793420528942974, 'partition': 0}
{'station_id': 'StationG', 'date': '2000-02-21', 'degrees': 10.80769990581718, 'partition': 3}
{'station_id': 'StationH', 'date': '2000-02-21', 'degrees': 16.46276649503792, 'partition': 3}
{'station_id': 'StationI', 'date': '2000-02-21', 'degrees': 5.0, 'partition': 3}
{'station_id': 'StationJ', 'date': '2000-02-21', 'degrees': 1.0, 'partition': 1}
{'station_id': 'StationA', 'date': '2000-02-22', 'degrees': 30.076658781173148, 'partition': 3}
{'station_id': 'StationB', 'date': '2000-02-22', 'degrees': 49.85486976868995, 'partition': 0}
{'station_id': 'StationC', 'date': '2000-02-22', 'degrees': 33.96466731123798, 'partition': 2}
{'station_id': 'StationD', 'date': '2000-02-22', 'degrees': 34.273645390889854, 'partition': 0}
{'station_id': 'StationE', 'date': '2000-02-22', 'degrees': 39.66674562157057, 'partition': 2}
{'station_id': 'StationF', 'date': '2000-02-22', 'degrees': -10.330347735758252, 'partition': 0}
{'station_id': 'StationG', 'date': '2000-02-22', 'degrees': 35.58092418438797, 'partition': 3}
{'station_id': 'StationH', 'date': '2000-02-22', 'degrees': 32.51236008779425, 'partition': 3}
{'station_id': 'StationI', 'date': '2000-02-22', 'degrees': 5.0, 'partition': 3}
{'station_id': 'StationJ', 'date': '2000-02-22', 'degrees': 2.0, 'partition': 1}
{'station_id': 'StationA', 'date': '2000-02-23', 'degrees': 0.37292258763291386, 'partition': 3}
{'station_id': 'StationB', 'date': '2000-02-23', 'degrees': 15.700285373947292, 'partition': 0}
{'station_id': 'StationC', 'date': '2000-02-23', 'degrees': 17.44608025742233, 'partition': 2}
{'station_id': 'StationD', 'date': '2000-02-23', 'degrees': 7.767330018811457, 'partition': 0}
{'station_id': 'StationE', 'date': '2000-02-23', 'degrees': 25.078052705601564, 'partition': 2}
{'station_id': 'StationF', 'date': '2000-02-23', 'degrees': 56.90918528842076, 'partition': 0}
{'station_id': 'StationG', 'date': '2000-02-23', 'degrees': 15.810245884457158, 'partition': 3}
{'station_id': 'StationH', 'date': '2000-02-23', 'degrees': 19.815834067503612, 'partition': 3}
{'station_id': 'StationI', 'date': '2000-02-23', 'degrees': 5.0, 'partition': 3}
{'station_id': 'StationJ', 'date': '2000-02-23', 'degrees': 3.0, 'partition': 1}
{'station_id': 'StationA', 'date': '2000-02-24', 'degrees': 50.78411972020737, 'partition': 3}
{'station_id': 'StationB', 'date': '2000-02-24', 'degrees': 42.945125436198126, 'partition': 0}
{'station_id': 'StationC', 'date': '2000-02-24', 'degrees': 16.8058096587082, 'partition': 2}
{'station_id': 'StationD', 'date': '2000-02-24', 'degrees': 44.71980942033815, 'partition': 0}
{'station_id': 'StationE', 'date': '2000-02-24', 'degrees': 19.72329060246158, 'partition': 2}
{'station_id': 'StationF', 'date': '2000-02-24', 'degrees': 3.6582235545549153, 'partition': 0}
{'station_id': 'StationG', 'date': '2000-02-24', 'degrees': 46.63315340539134, 'partition': 3}
{'station_id': 'StationH', 'date': '2000-02-24', 'degrees': 41.24656197281484, 'partition': 3}
{'station_id': 'StationI', 'date': '2000-02-24', 'degrees': 5.0, 'partition': 3}
{'station_id': 'StationJ', 'date': '2000-02-24', 'degrees': 4.0, 'partition': 1}
{'station_id': 'StationA', 'date': '2000-02-25', 'degrees': 39.084648186327186, 'partition': 3}
{'station_id': 'StationB', 'date': '2000-02-25', 'degrees': 16.43357452828029, 'partition': 0}
{'station_id': 'StationC', 'date': '2000-02-25', 'degrees': 50.31386982844582, 'partition': 2}
{'station_id': 'StationD', 'date': '2000-02-25', 'degrees': 22.108733523832026, 'partition': 0}
{'station_id': 'StationE', 'date': '2000-02-25', 'degrees': 38.71042536743312, 'partition': 2}
{'station_id': 'StationF', 'date': '2000-02-25', 'degrees': 23.1943535217994, 'partition': 0}
{'station_id': 'StationG', 'date': '2000-02-25', 'degrees': 6.086878918302702, 'partition': 3}
{'station_id': 'StationH', 'date': '2000-02-25', 'degrees': 13.764351091554683, 'partition': 3}
{'station_id': 'StationI', 'date': '2000-02-25', 'degrees': 5.0, 'partition': 3}
{'station_id': 'StationJ', 'date': '2000-02-25', 'degrees': 5.0, 'partition': 1}
{'station_id': 'StationA', 'date': '2000-02-26', 'degrees': 37.994929154218795, 'partition': 3}
{'station_id': 'StationB', 'date': '2000-02-26', 'degrees': 34.42703570741174, 'partition': 0}
{'station_id': 'StationC', 'date': '2000-02-26', 'degrees': 13.830732875729634, 'partition': 2}
{'station_id': 'StationD', 'date': '2000-02-26', 'degrees': 32.257202170384915, 'partition': 0}
{'station_id': 'StationE', 'date': '2000-02-26', 'degrees': 22.595763567594197, 'partition': 2}
{'station_id': 'StationF', 'date': '2000-02-26', 'degrees': 32.35085605628972, 'partition': 0}
{'station_id': 'StationG', 'date': '2000-02-26', 'degrees': 31.182981600407523, 'partition': 3}
{'station_id': 'StationH', 'date': '2000-02-26', 'degrees': 29.61350694002006, 'partition': 3}
{'station_id': 'StationI', 'date': '2000-02-26', 'degrees': 5.0, 'partition': 3}
{'station_id': 'StationJ', 'date': '2000-02-26', 'degrees': 6.0, 'partition': 1}
{'station_id': 'StationA', 'date': '2000-02-27', 'degrees': 21.42599006661068, 'partition': 3}
{'station_id': 'StationB', 'date': '2000-02-27', 'degrees': 43.84775023130165, 'partition': 0}
{'station_id': 'StationC', 'date': '2000-02-27', 'degrees': 44.27905733510708, 'partition': 2}
{'station_id': 'StationD', 'date': '2000-02-27', 'degrees': 37.94849763086703, 'partition': 0}
{'station_id': 'StationE', 'date': '2000-02-27', 'degrees': 22.141166902932987, 'partition': 2}
{'station_id': 'StationF', 'date': '2000-02-27', 'degrees': 38.82938985658511, 'partition': 0}
{'station_id': 'StationG', 'date': '2000-02-27', 'degrees': 17.832298995853996, 'partition': 3}
{'station_id': 'StationH', 'date': '2000-02-27', 'degrees': 46.16580987434386, 'partition': 3}
{'station_id': 'StationI', 'date': '2000-02-27', 'degrees': 5.0, 'partition': 3}
{'station_id': 'StationJ', 'date': '2000-02-27', 'degrees': 7.0, 'partition': 1}
{'station_id': 'StationA', 'date': '2000-02-28', 'degrees': 32.431672290140206, 'partition': 3}
{'station_id': 'StationB', 'date': '2000-02-28', 'degrees': 51.41669415605548, 'partition': 0}
{'station_id': 'StationC', 'date': '2000-02-28', 'degrees': 39.23203381949659, 'partition': 2}
{'station_id': 'StationD', 'date': '2000-02-28', 'degrees': 45.529910548724914, 'partition': 0}
{'station_id': 'StationE', 'date': '2000-02-28', 'degrees': 45.826567134372965, 'partition': 2}
{'station_id': 'StationF', 'date': '2000-02-28', 'degrees': 27.87023251631055, 'partition': 0}
{'station_id': 'StationG', 'date': '2000-02-28', 'degrees': 21.86046194901752, 'partition': 3}
{'station_id': 'StationH', 'date': '2000-02-28', 'degrees': 30.170438385633908, 'partition': 3}
{'station_id': 'StationI', 'date': '2000-02-28', 'degrees': 5.0, 'partition': 3}
{'station_id': 'StationJ', 'date': '2000-02-28', 'degrees': 8.0, 'partition': 1}
{'station_id': 'StationA', 'date': '2000-02-29', 'degrees': 53.09870527999431, 'partition': 3}
{'station_id': 'StationB', 'date': '2000-02-29', 'degrees': 29.335230543467755, 'partition': 0}
{'station_id': 'StationC', 'date': '2000-02-29', 'degrees': 17.745007091338948, 'partition': 2}
{'station_id': 'StationD', 'date': '2000-02-29', 'degrees': 22.986416329908486, 'partition': 0}
{'station_id': 'StationE', 'date': '2000-02-29', 'degrees': 34.85013517357738, 'partition': 2}
{'station_id': 'StationF', 'date': '2000-02-29', 'degrees': 33.37704444590515, 'partition': 0}
{'station_id': 'StationG', 'date': '2000-02-29', 'degrees': 20.641779339408828, 'partition': 3}
{'station_id': 'StationH', 'date': '2000-02-29', 'degrees': 18.859772843391898, 'partition': 3}
{'station_id': 'StationI', 'date': '2000-02-29', 'degrees': 5.0, 'partition': 3}
{'station_id': 'StationJ', 'date': '2000-02-29', 'degrees': 9.0, 'partition': 1}
{'station_id': 'StationA', 'date': '2000-03-01', 'degrees': 36.60224490775766, 'partition': 3}
{'station_id': 'StationB', 'date': '2000-03-01', 'degrees': 44.63597897862972, 'partition': 0}
{'station_id': 'StationC', 'date': '2000-03-01', 'degrees': 69.15110098369087, 'partition': 2}
{'station_id': 'StationD', 'date': '2000-03-01', 'degrees': 29.5292499075317, 'partition': 0}
{'station_id': 'StationE', 'date': '2000-03-01', 'degrees': 11.339784514733985, 'partition': 2}
{'station_id': 'StationF', 'date': '2000-03-01', 'degrees': 52.3700119912787, 'partition': 0}
{'station_id': 'StationG', 'date': '2000-03-01', 'degrees': 23.605814722852347, 'partition': 3}
{'station_id': 'StationH', 'date': '2000-03-01', 'degrees': 15.732075229439705, 'partition': 3}
{'station_id': 'StationI', 'date': '2000-03-01', 'degrees': 5.0, 'partition': 3}
{'station_id': 'StationJ', 'date': '2000-03-01', 'degrees': 0.0, 'partition': 1}
{'station_id': 'StationA', 'date': '2000-03-02', 'degrees': 24.19079899173151, 'partition': 3}
{'station_id': 'StationB', 'date': '2000-03-02', 'degrees': 13.313083176908851, 'partition': 0}
{'station_id': 'StationC', 'date': '2000-03-02', 'degrees': 46.38355017917404, 'partition': 2}
{'station_id': 'StationD', 'date': '2000-03-02', 'degrees': 25.78186686766868, 'partition': 0}
{'station_id': 'StationE', 'date': '2000-03-02', 'degrees': 21.148503963346176, 'partition': 2}
{'station_id': 'StationF', 'date': '2000-03-02', 'degrees': 10.16083191610868, 'partition': 0}
{'station_id': 'StationG', 'date': '2000-03-02', 'degrees': 32.65990504774881, 'partition': 3}
{'station_id': 'StationH', 'date': '2000-03-02', 'degrees': 37.18008302047062, 'partition': 3}
{'station_id': 'StationI', 'date': '2000-03-02', 'degrees': 5.0, 'partition': 3}
{'station_id': 'StationJ', 'date': '2000-03-02', 'degrees': 1.0, 'partition': 1}
{'station_id': 'StationA', 'date': '2000-03-03', 'degrees': 62.351355429703695, 'partition': 3}
{'station_id': 'StationB', 'date': '2000-03-03', 'degrees': 55.73192843022545, 'partition': 0}
{'station_id': 'StationC', 'date': '2000-03-03', 'degrees': 29.345611487904037, 'partition': 2}
{'station_id': 'StationD', 'date': '2000-03-03', 'degrees': 33.24608211212038, 'partition': 0}
{'station_id': 'StationE', 'date': '2000-03-03', 'degrees': 24.31010596853271, 'partition': 2}
{'station_id': 'StationF', 'date': '2000-03-03', 'degrees': 19.867283456277942, 'partition': 0}
{'station_id': 'StationG', 'date': '2000-03-03', 'degrees': 28.805567135277627, 'partition': 3}
{'station_id': 'StationH', 'date': '2000-03-03', 'degrees': 27.404192267335613, 'partition': 3}
{'station_id': 'StationI', 'date': '2000-03-03', 'degrees': 5.0, 'partition': 3}
{'station_id': 'StationJ', 'date': '2000-03-03', 'degrees': 2.0, 'partition': 1}
{'station_id': 'StationA', 'date': '2000-03-04', 'degrees': 41.15241122450419, 'partition': 3}
{'station_id': 'StationB', 'date': '2000-03-04', 'degrees': 17.944923389592006, 'partition': 0}
{'station_id': 'StationC', 'date': '2000-03-04', 'degrees': 58.301426715785865, 'partition': 2}
{'station_id': 'StationD', 'date': '2000-03-04', 'degrees': 18.210289892625504, 'partition': 0}
{'station_id': 'StationE', 'date': '2000-03-04', 'degrees': 31.043443776503214, 'partition': 2}
{'station_id': 'StationF', 'date': '2000-03-04', 'degrees': 49.14333625249247, 'partition': 0}
{'station_id': 'StationG', 'date': '2000-03-04', 'degrees': 48.060652635928804, 'partition': 3}
{'station_id': 'StationH', 'date': '2000-03-04', 'degrees': 29.947021219786215, 'partition': 3}
{'station_id': 'StationI', 'date': '2000-03-04', 'degrees': 5.0, 'partition': 3}
{'station_id': 'StationJ', 'date': '2000-03-04', 'degrees': 3.0, 'partition': 1}
{'station_id': 'StationA', 'date': '2000-03-05', 'degrees': 39.838506330899634, 'partition': 3}
{'station_id': 'StationB', 'date': '2000-03-05', 'degrees': 21.269798854425574, 'partition': 0}
{'station_id': 'StationC', 'date': '2000-03-05', 'degrees': 11.57619593998226, 'partition': 2}
{'station_id': 'StationD', 'date': '2000-03-05', 'degrees': 20.969483016671298, 'partition': 0}
{'station_id': 'StationE', 'date': '2000-03-05', 'degrees': 37.8984437416348, 'partition': 2}
{'station_id': 'StationF', 'date': '2000-03-05', 'degrees': 36.565813881443844, 'partition': 0}
{'station_id': 'StationG', 'date': '2000-03-05', 'degrees': 13.656279750484284, 'partition': 3}
{'station_id': 'StationH', 'date': '2000-03-05', 'degrees': 24.24049625283418, 'partition': 3}
{'station_id': 'StationI', 'date': '2000-03-05', 'degrees': 5.0, 'partition': 3}
{'station_id': 'StationJ', 'date': '2000-03-05', 'degrees': 4.0, 'partition': 1}
{'station_id': 'StationA', 'date': '2000-03-06', 'degrees': -8.62740523059886, 'partition': 3}
{'station_id': 'StationB', 'date': '2000-03-06', 'degrees': 32.412347373570185, 'partition': 0}
{'station_id': 'StationC', 'date': '2000-03-06', 'degrees': 37.008069950334956, 'partition': 2}
{'station_id': 'StationD', 'date': '2000-03-06', 'degrees': 13.747947876295058, 'partition': 0}
{'station_id': 'StationE', 'date': '2000-03-06', 'degrees': 43.34138311341218, 'partition': 2}
{'station_id': 'StationF', 'date': '2000-03-06', 'degrees': 37.78527898758804, 'partition': 0}
{'station_id': 'StationG', 'date': '2000-03-06', 'degrees': 41.85501985939709, 'partition': 3}
{'station_id': 'StationH', 'date': '2000-03-06', 'degrees': 21.46402882857215, 'partition': 3}
{'station_id': 'StationI', 'date': '2000-03-06', 'degrees': 5.0, 'partition': 3}
{'station_id': 'StationJ', 'date': '2000-03-06', 'degrees': 5.0, 'partition': 1}
{'station_id': 'StationA', 'date': '2000-03-07', 'degrees': 40.501584609185315, 'partition': 3}
{'station_id': 'StationB', 'date': '2000-03-07', 'degrees': 30.810074679655855, 'partition': 0}
{'station_id': 'StationC', 'date': '2000-03-07', 'degrees': 21.586174808625827, 'partition': 2}
{'station_id': 'StationD', 'date': '2000-03-07', 'degrees': 16.891661109048286, 'partition': 0}
{'station_id': 'StationE', 'date': '2000-03-07', 'degrees': 12.604934165717864, 'partition': 2}
{'station_id': 'StationF', 'date': '2000-03-07', 'degrees': 46.504816539302716, 'partition': 0}
{'station_id': 'StationG', 'date': '2000-03-07', 'degrees': 48.27921011822953, 'partition': 3}
{'station_id': 'StationH', 'date': '2000-03-07', 'degrees': 17.578028313184774, 'partition': 3}
{'station_id': 'StationI', 'date': '2000-03-07', 'degrees': 5.0, 'partition': 3}
{'station_id': 'StationJ', 'date': '2000-03-07', 'degrees': 6.0, 'partition': 1}
{'station_id': 'StationA', 'date': '2000-03-08', 'degrees': -5.743767004489804, 'partition': 3}
{'station_id': 'StationB', 'date': '2000-03-08', 'degrees': 29.060270513079963, 'partition': 0}
{'station_id': 'StationC', 'date': '2000-03-08', 'degrees': 38.86219184299069, 'partition': 2}
{'station_id': 'StationD', 'date': '2000-03-08', 'degrees': 15.548075307333574, 'partition': 0}
{'station_id': 'StationE', 'date': '2000-03-08', 'degrees': 28.071825044884143, 'partition': 2}
{'station_id': 'StationF', 'date': '2000-03-08', 'degrees': 31.468203240737953, 'partition': 0}
{'station_id': 'StationG', 'date': '2000-03-08', 'degrees': 51.397913628147116, 'partition': 3}
{'station_id': 'StationH', 'date': '2000-03-08', 'degrees': 41.94873165545048, 'partition': 3}
{'station_id': 'StationI', 'date': '2000-03-08', 'degrees': 5.0, 'partition': 3}
{'station_id': 'StationJ', 'date': '2000-03-08', 'degrees': 7.0, 'partition': 1}
{'station_id': 'StationB', 'date': '2000-03-09', 'degrees': 13.072155123918684, 'partition': 0}
{'station_id': 'StationA', 'date': '2000-03-09', 'degrees': 20.91387111237605, 'partition': 3}
{'station_id': 'StationC', 'date': '2000-03-09', 'degrees': 32.27658044330498, 'partition': 2}
{'station_id': 'StationD', 'date': '2000-03-09', 'degrees': 25.96188055901131, 'partition': 0}
{'station_id': 'StationE', 'date': '2000-03-09', 'degrees': 41.90535927541495, 'partition': 2}
{'station_id': 'StationF', 'date': '2000-03-09', 'degrees': 26.842419824245244, 'partition': 0}
{'station_id': 'StationG', 'date': '2000-03-09', 'degrees': 52.587098647890016, 'partition': 3}
{'station_id': 'StationH', 'date': '2000-03-09', 'degrees': 46.97601947913421, 'partition': 3}
{'station_id': 'StationI', 'date': '2000-03-09', 'degrees': 5.0, 'partition': 3}
{'station_id': 'StationJ', 'date': '2000-03-09', 'degrees': 8.0, 'partition': 1}
{'station_id': 'StationA', 'date': '2000-03-10', 'degrees': 40.154324663793716, 'partition': 3}
{'station_id': 'StationB', 'date': '2000-03-10', 'degrees': 38.871506959156164, 'partition': 0}
{'station_id': 'StationC', 'date': '2000-03-10', 'degrees': 31.636068443424403, 'partition': 2}
{'station_id': 'StationD', 'date': '2000-03-10', 'degrees': 31.591660441245697, 'partition': 0}
{'station_id': 'StationE', 'date': '2000-03-10', 'degrees': 44.47691181674522, 'partition': 2}
{'station_id': 'StationF', 'date': '2000-03-10', 'degrees': 33.03543992137708, 'partition': 0}
{'station_id': 'StationG', 'date': '2000-03-10', 'degrees': 39.50854006226933, 'partition': 3}
{'station_id': 'StationH', 'date': '2000-03-10', 'degrees': 17.670347512514567, 'partition': 3}
{'station_id': 'StationI', 'date': '2000-03-10', 'degrees': 5.0, 'partition': 3}
{'station_id': 'StationJ', 'date': '2000-03-10', 'degrees': 9.0, 'partition': 1}
{'station_id': 'StationA', 'date': '2000-03-11', 'degrees': 32.80089628283333, 'partition': 3}
{'station_id': 'StationB', 'date': '2000-03-11', 'degrees': 37.09384645562763, 'partition': 0}
{'station_id': 'StationC', 'date': '2000-03-11', 'degrees': 35.96653225895573, 'partition': 2}
{'station_id': 'StationD', 'date': '2000-03-11', 'degrees': 20.099549639984705, 'partition': 0}
{'station_id': 'StationE', 'date': '2000-03-11', 'degrees': 24.821341155839587, 'partition': 2}
{'station_id': 'StationF', 'date': '2000-03-11', 'degrees': -1.7080390822653833, 'partition': 0}
{'station_id': 'StationG', 'date': '2000-03-11', 'degrees': 28.21583842970751, 'partition': 3}
{'station_id': 'StationH', 'date': '2000-03-11', 'degrees': 53.16744834866919, 'partition': 3}
{'station_id': 'StationI', 'date': '2000-03-11', 'degrees': 5.0, 'partition': 3}
{'station_id': 'StationJ', 'date': '2000-03-11', 'degrees': 0.0, 'partition': 1}
{'station_id': 'StationA', 'date': '2000-03-12', 'degrees': 34.4637129408435, 'partition': 3}
{'station_id': 'StationB', 'date': '2000-03-12', 'degrees': 28.994377257781483, 'partition': 0}
{'station_id': 'StationC', 'date': '2000-03-12', 'degrees': 9.922998409007665, 'partition': 2}
{'station_id': 'StationD', 'date': '2000-03-12', 'degrees': 49.74636821509957, 'partition': 0}
{'station_id': 'StationE', 'date': '2000-03-12', 'degrees': 27.229712450195322, 'partition': 2}
{'station_id': 'StationF', 'date': '2000-03-12', 'degrees': 57.41518126269098, 'partition': 0}
{'station_id': 'StationG', 'date': '2000-03-12', 'degrees': 12.99944526750259, 'partition': 3}
{'station_id': 'StationH', 'date': '2000-03-12', 'degrees': 33.42303889690675, 'partition': 3}
{'station_id': 'StationJ', 'date': '2000-03-12', 'degrees': 1.0, 'partition': 1}
{'station_id': 'StationI', 'date': '2000-03-12', 'degrees': 5.0, 'partition': 3}
{'station_id': 'StationA', 'date': '2000-03-13', 'degrees': 12.154020912840206, 'partition': 3}
{'station_id': 'StationC', 'date': '2000-03-13', 'degrees': 17.657249479729668, 'partition': 2}
{'station_id': 'StationB', 'date': '2000-03-13', 'degrees': 39.47807528520478, 'partition': 0}
{'station_id': 'StationD', 'date': '2000-03-13', 'degrees': 57.22878748079967, 'partition': 0}
{'station_id': 'StationE', 'date': '2000-03-13', 'degrees': 33.69808790228491, 'partition': 2}
{'station_id': 'StationF', 'date': '2000-03-13', 'degrees': 48.88174933823426, 'partition': 0}
{'station_id': 'StationG', 'date': '2000-03-13', 'degrees': 9.125506211264785, 'partition': 3}
{'station_id': 'StationH', 'date': '2000-03-13', 'degrees': 60.90977310992529, 'partition': 3}
{'station_id': 'StationI', 'date': '2000-03-13', 'degrees': 5.0, 'partition': 3}
{'station_id': 'StationJ', 'date': '2000-03-13', 'degrees': 2.0, 'partition': 1}
{'station_id': 'StationA', 'date': '2000-03-14', 'degrees': 38.3475053648864, 'partition': 3}
{'station_id': 'StationB', 'date': '2000-03-14', 'degrees': 36.83958772520947, 'partition': 0}
{'station_id': 'StationC', 'date': '2000-03-14', 'degrees': 43.27540018221555, 'partition': 2}
{'station_id': 'StationD', 'date': '2000-03-14', 'degrees': 17.25079670147327, 'partition': 0}
{'station_id': 'StationE', 'date': '2000-03-14', 'degrees': 8.714726705144614, 'partition': 2}
{'station_id': 'StationF', 'date': '2000-03-14', 'degrees': 33.5599736055991, 'partition': 0}
{'station_id': 'StationG', 'date': '2000-03-14', 'degrees': 6.407994730321288, 'partition': 3}
{'station_id': 'StationH', 'date': '2000-03-14', 'degrees': 42.79057424113581, 'partition': 3}
{'station_id': 'StationI', 'date': '2000-03-14', 'degrees': 5.0, 'partition': 3}
{'station_id': 'StationJ', 'date': '2000-03-14', 'degrees': 3.0, 'partition': 1}
{'station_id': 'StationB', 'date': '2000-03-15', 'degrees': 5.363328092432546, 'partition': 0}
{'station_id': 'StationA', 'date': '2000-03-15', 'degrees': 39.809143637991156, 'partition': 3}
{'station_id': 'StationC', 'date': '2000-03-15', 'degrees': -1.6196519487734342, 'partition': 2}
{'station_id': 'StationD', 'date': '2000-03-15', 'degrees': 54.235216573682244, 'partition': 0}
{'station_id': 'StationE', 'date': '2000-03-15', 'degrees': 40.92040866126977, 'partition': 2}
{'station_id': 'StationF', 'date': '2000-03-15', 'degrees': 23.11956640156672, 'partition': 0}
{'station_id': 'StationG', 'date': '2000-03-15', 'degrees': 38.64762608502821, 'partition': 3}
{'station_id': 'StationH', 'date': '2000-03-15', 'degrees': 35.49718287522916, 'partition': 3}
{'station_id': 'StationI', 'date': '2000-03-15', 'degrees': 5.0, 'partition': 3}
{'station_id': 'StationJ', 'date': '2000-03-15', 'degrees': 4.0, 'partition': 1}
{'station_id': 'StationA', 'date': '2000-03-16', 'degrees': 44.69270342624988, 'partition': 3}
{'station_id': 'StationB', 'date': '2000-03-16', 'degrees': 29.691587820495357, 'partition': 0}
{'station_id': 'StationC', 'date': '2000-03-16', 'degrees': 49.755391293813375, 'partition': 2}
{'station_id': 'StationD', 'date': '2000-03-16', 'degrees': 50.099069708619155, 'partition': 0}
{'station_id': 'StationE', 'date': '2000-03-16', 'degrees': -1.9845514090990548, 'partition': 2}
{'station_id': 'StationF', 'date': '2000-03-16', 'degrees': 24.789336116520126, 'partition': 0}
{'station_id': 'StationG', 'date': '2000-03-16', 'degrees': 33.34335714708232, 'partition': 3}
{'station_id': 'StationH', 'date': '2000-03-16', 'degrees': 29.863831461591367, 'partition': 3}
{'station_id': 'StationJ', 'date': '2000-03-16', 'degrees': 5.0, 'partition': 1}
{'station_id': 'StationI', 'date': '2000-03-16', 'degrees': 5.0, 'partition': 3}
{'station_id': 'StationA', 'date': '2000-03-17', 'degrees': 23.058204139987872, 'partition': 3}
{'station_id': 'StationB', 'date': '2000-03-17', 'degrees': 59.07197588381617, 'partition': 0}
{'station_id': 'StationC', 'date': '2000-03-17', 'degrees': 14.842986946890374, 'partition': 2}
{'station_id': 'StationD', 'date': '2000-03-17', 'degrees': 51.474723812456006, 'partition': 0}
{'station_id': 'StationE', 'date': '2000-03-17', 'degrees': 38.042437746399244, 'partition': 2}
{'station_id': 'StationF', 'date': '2000-03-17', 'degrees': 57.59830600934136, 'partition': 0}
{'station_id': 'StationG', 'date': '2000-03-17', 'degrees': 26.63280607211496, 'partition': 3}
{'station_id': 'StationH', 'date': '2000-03-17', 'degrees': 37.710722268202765, 'partition': 3}
